TN:
SF:/home/fuzl/code/mygit/homework-02/maxsumvh.c
FN:3,maxsumvh
FNDA:123,maxsumvh
FNF:1
FNH:1
BRDA:11,2,0,5100
BRDA:11,2,1,123
BRDA:12,2,0,132600
BRDA:12,2,1,5100
BRDA:15,0,0,0
BRDA:15,0,1,123
BRDA:18,2,0,3090
BRDA:18,2,1,123
BRDA:19,2,0,132600
BRDA:19,2,1,3090
BRDA:20,2,0,3990800
BRDA:20,2,1,132600
BRDA:21,0,0,132600
BRDA:21,0,1,3858200
BRDA:29,2,0,88520
BRDA:29,2,1,3090
BRDA:31,2,0,3990800
BRDA:31,2,1,88520
BRDA:37,2,0,3990800
BRDA:37,2,1,88520
BRF:20
BRH:19
DA:3,123
DA:10,123
DA:11,5223
DA:12,137700
DA:13,132600
DA:15,123
DA:16,0
DA:18,3213
DA:19,135690
DA:20,4123400
DA:21,3990800
DA:22,132600
DA:24,3858200
DA:25,7716400
DA:26,3858200
DA:29,91610
DA:30,88520
DA:31,4079320
DA:32,3990800
DA:33,3990800
DA:36,88520
DA:37,4079320
DA:38,3990800
DA:39,3990800
DA:40,3990800
DA:41,3990800
DA:42,3990800
DA:43,3990800
DA:44,3990800
DA:46,88520
DA:49,123
LF:31
LH:30
end_of_record
TN:
SF:/home/fuzl/code/mygit/homework-02/maxsumv.c
FN:3,maxsumv
FNDA:296,maxsumv
FNF:1
FNH:1
BRDA:11,2,0,13713
BRDA:11,2,1,296
BRDA:12,2,0,2460829
BRDA:12,2,1,13713
BRDA:15,0,0,5
BRDA:15,0,1,291
BRDA:18,2,0,22087
BRDA:18,2,1,291
BRDA:19,2,0,2460822
BRDA:19,2,1,22087
BRDA:20,2,0,825409198
BRDA:20,2,1,2460822
BRDA:21,0,0,2460822
BRDA:21,0,1,822948376
BRDA:27,2,0,3431998
BRDA:27,2,1,22087
BRDA:29,2,0,825409198
BRDA:29,2,1,3431998
BRDA:35,2,0,825409198
BRDA:35,2,1,3431998
BRF:20
BRH:20
DA:3,296
DA:10,296
DA:11,14009
DA:12,2474542
DA:13,2460829
DA:15,296
DA:16,5
DA:18,22378
DA:19,2482909
DA:20,827870020
DA:21,825409198
DA:22,2460822
DA:24,822948376
DA:27,3454085
DA:28,3431998
DA:29,828841196
DA:30,825409198
DA:31,825409198
DA:34,3431998
DA:35,828841196
DA:36,825409198
DA:37,825409198
DA:38,825409198
DA:39,825409198
DA:40,825409198
DA:41,825409198
DA:42,825409198
DA:44,3431998
DA:47,296
LF:29
LH:29
end_of_record
TN:
SF:/home/fuzl/code/mygit/homework-02/maxsumh.c
FN:3,maxsumh
FNDA:296,maxsumh
FNF:1
FNH:1
BRDA:11,2,0,13713
BRDA:11,2,1,296
BRDA:12,2,0,2460829
BRDA:12,2,1,13713
BRDA:15,0,0,5
BRDA:15,0,1,291
BRDA:18,2,0,13708
BRDA:18,2,1,291
BRDA:19,2,0,2460822
BRDA:19,2,1,13708
BRDA:20,2,0,627866768
BRDA:20,2,1,2460822
BRDA:21,0,0,2460822
BRDA:21,0,1,625405946
BRDA:27,2,0,950654
BRDA:27,2,1,13708
BRDA:29,2,0,627866768
BRDA:29,2,1,950654
BRDA:35,2,0,627866768
BRDA:35,2,1,950654
BRF:20
BRH:20
DA:3,296
DA:10,296
DA:11,14009
DA:12,2474542
DA:13,2460829
DA:15,296
DA:16,5
DA:18,13999
DA:19,2474530
DA:20,630327590
DA:21,627866768
DA:22,2460822
DA:24,625405946
DA:27,964362
DA:28,950654
DA:29,628817422
DA:30,627866768
DA:31,627866768
DA:34,950654
DA:35,628817422
DA:36,627866768
DA:37,627866768
DA:38,627866768
DA:39,627866768
DA:40,627866768
DA:41,627866768
DA:42,627866768
DA:44,950654
DA:47,296
LF:29
LH:29
end_of_record
TN:
SF:/home/fuzl/code/mygit/homework-02/maxsumhv.c
FN:3,maxsumhv
FNDA:265,maxsumhv
FNF:1
FNH:1
BRDA:11,2,0,12353
BRDA:11,2,1,265
BRDA:12,2,0,2533429
BRDA:12,2,1,12353
BRDA:15,0,0,5
BRDA:15,0,1,260
BRDA:18,2,0,12348
BRDA:18,2,1,260
BRDA:19,2,0,2533422
BRDA:19,2,1,12348
BRDA:20,2,0,1255576714
BRDA:20,2,1,2533422
BRDA:21,0,0,2533422
BRDA:21,0,1,1253043292
BRDA:29,2,0,1821200
BRDA:29,2,1,12348
BRDA:31,2,0,1255576714
BRDA:31,2,1,1821200
BRDA:37,2,0,1255576714
BRDA:37,2,1,1821200
BRF:20
BRH:20
DA:3,265
DA:10,265
DA:11,12618
DA:12,2545782
DA:13,2533429
DA:15,265
DA:16,5
DA:18,12608
DA:19,2545770
DA:20,1258110136
DA:21,1255576714
DA:22,2533422
DA:24,1253043292
DA:25,2506086584
DA:26,1253043292
DA:29,1833548
DA:30,1821200
DA:31,1257397914
DA:32,1255576714
DA:33,1255576714
DA:36,1821200
DA:37,1257397914
DA:38,1255576714
DA:39,1255576714
DA:40,1255576714
DA:41,1255576714
DA:42,1255576714
DA:43,1255576714
DA:44,1255576714
DA:46,1821200
DA:49,265
LF:31
LH:31
end_of_record
TN:
SF:/home/fuzl/code/mygit/homework-02/main.c
FN:6,main
FNDA:977,main
FNF:1
FNH:1
BRDA:15,0,0,0
BRDA:15,0,1,0
BRDA:15,0,2,589
BRDA:15,0,3,386
BRDA:15,0,4,2
BRDA:25,0,0,294
BRDA:25,0,1,294
BRDA:25,0,2,1
BRDA:39,0,0,294
BRDA:39,0,1,91
BRDA:39,0,2,1
BRDA:50,0,0,91
BRDA:50,0,1,294
BRDA:50,0,2,0
BRDA:67,0,1,9
BRDA:67,0,2,964
BRDA:71,0,1,3
BRDA:71,0,2,961
BRDA:75,0,1,0
BRDA:75,0,2,961
BRDA:79,2,0,42943
BRDA:79,2,1,961
BRDA:80,2,0,6668308
BRDA:80,2,1,42943
BRDA:81,0,0,6625365
BRDA:81,0,1,42943
BRDA:82,0,1,0
BRDA:82,0,2,6625365
BRDA:87,0,1,0
BRDA:87,0,2,42943
BRDA:95,9999,0,3
BRDA:95,9999,1,958
BRDA:99,0,0,669
BRDA:99,0,1,289
BRDA:99,1,2,380
BRDA:99,1,3,289
BRDA:100,0,0,121
BRDA:100,0,1,259
BRDA:104,0,0,289
BRDA:104,0,1,289
BRDA:106,0,0,289
BRDA:106,0,1,0
BRF:42
BRH:35
DA:6,977
DA:13,977
DA:15,977
DA:17,0
DA:18,0
DA:20,0
DA:21,0
DA:23,0
DA:25,589
DA:27,294
DA:28,294
DA:30,294
DA:31,294
DA:33,1
DA:34,1
DA:36,588
DA:37,588
DA:39,386
DA:41,294
DA:42,294
DA:44,91
DA:45,91
DA:47,1
DA:48,1
DA:50,385
DA:52,91
DA:53,91
DA:55,294
DA:56,294
DA:58,0
DA:59,0
DA:61,385
DA:62,385
DA:64,2
DA:65,2
DA:67,973
DA:68,9
DA:69,9
DA:71,964
DA:72,3
DA:73,3
DA:75,961
DA:76,0
DA:77,0
DA:79,43904
DA:80,6711251
DA:81,6668308
DA:82,6625365
DA:83,0
DA:84,0
DA:87,42943
DA:88,0
DA:89,0
DA:94,961
DA:95,961
DA:96,3
DA:97,3
DA:99,1338
DA:100,380
DA:101,121
DA:103,259
DA:104,578
DA:105,289
DA:106,289
DA:107,289
DA:108,977
LF:66
LH:53
end_of_record
